z:\programowanie\c++\cs2priv\imgui directx 11 kiero hook\x64\release\imgui_tables.obj
z:\programowanie\c++\cs2priv\imgui directx 11 kiero hook\x64\release\main.obj
z:\programowanie\c++\cs2priv\imgui directx 11 kiero hook\x64\release\imgui_impl_win32.obj
z:\programowanie\c++\cs2priv\imgui directx 11 kiero hook\x64\release\visuals.obj
z:\programowanie\c++\cs2priv\imgui directx 11 kiero hook\x64\release\kiero.obj
z:\programowanie\c++\cs2priv\imgui directx 11 kiero hook\x64\release\os-imgui_external.obj
z:\programowanie\c++\cs2priv\imgui directx 11 kiero hook\x64\release\imgui_demo.obj
z:\programowanie\c++\cs2priv\imgui directx 11 kiero hook\x64\release\math.obj
z:\programowanie\c++\cs2priv\imgui directx 11 kiero hook\x64\release\imgui.obj
z:\programowanie\c++\cs2priv\imgui directx 11 kiero hook\x64\release\os-imgui.obj
z:\programowanie\c++\cs2priv\imgui directx 11 kiero hook\x64\release\os-imgui_base.obj
z:\programowanie\c++\cs2priv\imgui directx 11 kiero hook\x64\release\imgui_widgets.obj
z:\programowanie\c++\cs2priv\imgui directx 11 kiero hook\x64\release\imgui_impl_dx11.obj
z:\programowanie\c++\cs2priv\imgui directx 11 kiero hook\x64\release\imgui_draw.obj
z:\programowanie\c++\cs2priv\imgui directx 11 kiero hook\x64\release\ragebot.obj
z:\programowanie\c++\cs2priv\imgui directx 11 kiero hook\x64\release\vc143.pdb
z:\programowanie\c++\cs2priv\imgui directx 11 kiero hook\x64\release\hde32.obj
z:\programowanie\c++\cs2priv\imgui directx 11 kiero hook\x64\release\buffer.obj
z:\programowanie\c++\cs2priv\imgui directx 11 kiero hook\x64\release\hde64.obj
z:\programowanie\c++\cs2priv\imgui directx 11 kiero hook\x64\release\hook.obj
z:\programowanie\c++\cs2priv\imgui directx 11 kiero hook\x64\release\trampoline.obj
z:\programowanie\c++\cs2priv\x64\release\oxchack.dll
z:\programowanie\c++\cs2priv\x64\release\oxchack.pdb
z:\programowanie\c++\cs2priv\imgui directx 11 kiero hook\x64\release\minhook.res
z:\programowanie\c++\cs2priv\imgui directx 11 kiero hook\x64\release\oxchack.ipdb
z:\programowanie\c++\cs2priv\imgui directx 11 kiero hook\x64\release\oxchack.iobj
z:\programowanie\c++\cs2priv\imgui directx 11 kiero hook\x64\release\oxchack.tlog\cl.10264.write.1.tlog
z:\programowanie\c++\cs2priv\imgui directx 11 kiero hook\x64\release\oxchack.tlog\cl.command.1.tlog
z:\programowanie\c++\cs2priv\imgui directx 11 kiero hook\x64\release\oxchack.tlog\cl.items.tlog
z:\programowanie\c++\cs2priv\imgui directx 11 kiero hook\x64\release\oxchack.tlog\cl.read.1.tlog
z:\programowanie\c++\cs2priv\imgui directx 11 kiero hook\x64\release\oxchack.tlog\link.command.1.tlog
z:\programowanie\c++\cs2priv\imgui directx 11 kiero hook\x64\release\oxchack.tlog\link.read.42.tlog
z:\programowanie\c++\cs2priv\imgui directx 11 kiero hook\x64\release\oxchack.tlog\link.secondary.1.tlog
z:\programowanie\c++\cs2priv\imgui directx 11 kiero hook\x64\release\oxchack.tlog\link.write.1.tlog
z:\programowanie\c++\cs2priv\imgui directx 11 kiero hook\x64\release\oxchack.tlog\rc.command.1.tlog
z:\programowanie\c++\cs2priv\imgui directx 11 kiero hook\x64\release\oxchack.tlog\rc.read.1.tlog
z:\programowanie\c++\cs2priv\imgui directx 11 kiero hook\x64\release\oxchack.tlog\rc.write.1.tlog
